{
  "stats": {
    "suites": 2,
    "tests": 5,
    "passes": 5,
    "pending": 0,
    "failures": 0,
    "start": "2022-07-02T23:03:15.693Z",
    "end": "2022-07-02T23:03:57.847Z",
    "duration": 42154,
    "testsRegistered": 5,
    "passPercent": 100,
    "pendingPercent": 0,
    "other": 0,
    "hasOther": false,
    "skipped": 0,
    "hasSkipped": false
  },
  "results": [
    {
      "uuid": "159b5d08-4bce-4e20-842f-9ec4abf10c61",
      "title": "",
      "fullFile": "cypress\\integration\\1-getting-started\\testframework.spec.js",
      "file": "cypress\\integration\\1-getting-started\\testframework.spec.js",
      "beforeHooks": [],
      "afterHooks": [],
      "tests": [],
      "suites": [
        {
          "uuid": "16a2ca3a-164b-44df-a3a5-5664b68186d2",
          "title": "Shop",
          "fullFile": "",
          "file": "",
          "beforeHooks": [],
          "afterHooks": [],
          "tests": [],
          "suites": [
            {
              "uuid": "7c603497-e54c-44cf-9dae-bd879e20f584",
              "title": "SignUp & Order Placement",
              "fullFile": "",
              "file": "",
              "beforeHooks": [],
              "afterHooks": [],
              "tests": [
                {
                  "title": "should able to signup successfully",
                  "fullTitle": "Shop SignUp & Order Placement should able to signup successfully",
                  "timedOut": null,
                  "duration": 24137,
                  "state": "passed",
                  "speed": "slow",
                  "pass": true,
                  "fail": false,
                  "pending": false,
                  "context": null,
                  "code": "homePage.clickHomeLink().click();\nhomePage.enterName().type(this.data.name);\nconst len = this.data.name.length;\nexpect(len).to.be.greaterThan(2);\nhomePage.enterName().should(\"have.attr\", \"minlength\", 2);\nhomePage.selectRadioButton3().should(\"be.disabled\");\nhomePage.enterEmail().type(this.data.email);\nhomePage.enterPassword().type(this.data.password);\nhomePage.selectGender().select(this.data.gender);\nhomePage.selectRadioButton2().check();\nhomePage.enterDob().type(this.data.dob);\nhomePage.validateTwoWayBinding().should(\"have.value\", this.data.name);\nhomePage.clickSubmitButton().click().then(function () {\n  homePage.validateAlert().contains(\"Success! The Form has been submitted successfully!.\");\n});",
                  "err": {},
                  "uuid": "679613b6-78f8-48dd-92fd-b846b5ca5177",
                  "parentUUID": "7c603497-e54c-44cf-9dae-bd879e20f584",
                  "isHook": false,
                  "skipped": false
                },
                {
                  "title": "should able to add multiple product in the basket",
                  "fullTitle": "Shop SignUp & Order Placement should able to add multiple product in the basket",
                  "timedOut": null,
                  "duration": 4136,
                  "state": "passed",
                  "speed": "fast",
                  "pass": true,
                  "fail": false,
                  "pending": false,
                  "context": null,
                  "code": "productPage.clickShopLink().click();\nconst arr = this.mobiledata.mobilename;\narr.forEach(element => {\n  cy.selectProduct(element);\n});",
                  "err": {},
                  "uuid": "94d19f9b-5823-484e-bfe1-d2fca7557d4e",
                  "parentUUID": "7c603497-e54c-44cf-9dae-bd879e20f584",
                  "isHook": false,
                  "skipped": false
                },
                {
                  "title": "should able to remove product from the basket",
                  "fullTitle": "Shop SignUp & Order Placement should able to remove product from the basket",
                  "timedOut": null,
                  "duration": 684,
                  "state": "passed",
                  "speed": "fast",
                  "pass": true,
                  "fail": false,
                  "pending": false,
                  "context": null,
                  "code": "productPage.checkout().click();\ncy.get(\":nth-child(1) > :nth-child(5) > .btn\").click();",
                  "err": {},
                  "uuid": "c5ff54f9-a9ea-49e3-a361-6c8ece0988f6",
                  "parentUUID": "7c603497-e54c-44cf-9dae-bd879e20f584",
                  "isHook": false,
                  "skipped": false
                },
                {
                  "title": "should able to validate the total amount successfully",
                  "fullTitle": "Shop SignUp & Order Placement should able to validate the total amount successfully",
                  "timedOut": null,
                  "duration": 142,
                  "state": "passed",
                  "speed": "fast",
                  "pass": true,
                  "fail": false,
                  "pending": false,
                  "context": null,
                  "code": "var sum = 0;\nlet pp;\nproductPage.getproductFinalPrice().each(($el, index, $list) => {\n  const price = $el.text();\n  const res = price.split(\" \");\n  const productPrice = res[1].trim();\n  sum = Number(sum) + Number(productPrice);\n});\nproductPage.getTotalPrice().then(function (element) {\n  const actualTotal = element.text();\n  const res = actualTotal.split(\" \");\n  const total = res[1].trim();\n  expect(sum).to.eql(Number(total));\n});",
                  "err": {},
                  "uuid": "892114ee-02c1-42db-adb2-0dadf2a8ff17",
                  "parentUUID": "7c603497-e54c-44cf-9dae-bd879e20f584",
                  "isHook": false,
                  "skipped": false
                },
                {
                  "title": "should able to click on checkout button and checkout successfully",
                  "fullTitle": "Shop SignUp & Order Placement should able to click on checkout button and checkout successfully",
                  "timedOut": null,
                  "duration": 6224,
                  "state": "passed",
                  "speed": "medium",
                  "pass": true,
                  "fail": false,
                  "pending": false,
                  "context": null,
                  "code": "checkoutPage.clickProceedButton().click();\ncheckoutPage.enterCountryName().type(\"In\");\ncheckoutPage.selectCountry().each(($el, index, $list) => {\n  if ($el.text().includes(\"India\")) {\n    cy.wrap($el).click();\n  }\n});\ncheckoutPage.agreeTC().click({\n  force: true\n});\ncheckoutPage.clickSubmitButton().click();\ncheckoutPage.successMessage().contains(\"Success!\");",
                  "err": {},
                  "uuid": "a9555cd2-bc90-4ef5-bc53-4ded5fe5f28b",
                  "parentUUID": "7c603497-e54c-44cf-9dae-bd879e20f584",
                  "isHook": false,
                  "skipped": false
                }
              ],
              "suites": [],
              "passes": [
                "679613b6-78f8-48dd-92fd-b846b5ca5177",
                "94d19f9b-5823-484e-bfe1-d2fca7557d4e",
                "c5ff54f9-a9ea-49e3-a361-6c8ece0988f6",
                "892114ee-02c1-42db-adb2-0dadf2a8ff17",
                "a9555cd2-bc90-4ef5-bc53-4ded5fe5f28b"
              ],
              "failures": [],
              "pending": [],
              "skipped": [],
              "duration": 35323,
              "root": false,
              "rootEmpty": false,
              "_timeout": 2000
            }
          ],
          "passes": [],
          "failures": [],
          "pending": [],
          "skipped": [],
          "duration": 0,
          "root": false,
          "rootEmpty": false,
          "_timeout": 2000
        }
      ],
      "passes": [],
      "failures": [],
      "pending": [],
      "skipped": [],
      "duration": 0,
      "root": true,
      "rootEmpty": true,
      "_timeout": 2000
    }
  ],
  "meta": {
    "mocha": {
      "version": "7.0.1"
    },
    "mochawesome": {
      "options": {
        "quiet": false,
        "reportFilename": "mochawesome",
        "saveHtml": true,
        "saveJson": true,
        "consoleReporter": "spec",
        "useInlineDiffs": false,
        "code": true
      },
      "version": "7.1.3"
    },
    "marge": {
      "options": null,
      "version": "6.2.0"
    }
  }
}