{
  "stats": {
    "suites": 2,
    "tests": 5,
    "passes": 5,
    "pending": 0,
    "failures": 0,
    "start": "2022-07-02T20:25:55.284Z",
    "end": "2022-07-02T20:26:15.552Z",
    "duration": 20268,
    "testsRegistered": 5,
    "passPercent": 100,
    "pendingPercent": 0,
    "other": 0,
    "hasOther": false,
    "skipped": 0,
    "hasSkipped": false
  },
  "results": [
    {
      "uuid": "d5ca60e6-07ca-416f-bb38-06a345576122",
      "title": "",
      "fullFile": "cypress\\integration\\1-getting-started\\testframework.spec.js",
      "file": "cypress\\integration\\1-getting-started\\testframework.spec.js",
      "beforeHooks": [],
      "afterHooks": [],
      "tests": [],
      "suites": [
        {
          "uuid": "8651832c-08b8-440c-bb50-83381709d807",
          "title": "Shop",
          "fullFile": "",
          "file": "",
          "beforeHooks": [],
          "afterHooks": [],
          "tests": [],
          "suites": [
            {
              "uuid": "0cf63f4d-7b70-412b-b6db-0fffc8dee81d",
              "title": "SignUp & Order Placement",
              "fullFile": "",
              "file": "",
              "beforeHooks": [],
              "afterHooks": [],
              "tests": [
                {
                  "title": "should able to signup successfully",
                  "fullTitle": "Shop SignUp & Order Placement should able to signup successfully",
                  "timedOut": null,
                  "duration": 8485,
                  "state": "passed",
                  "speed": "medium",
                  "pass": true,
                  "fail": false,
                  "pending": false,
                  "context": null,
                  "code": "homePage.clickHomeLink().click();\nhomePage.enterName().type(this.data.name);\nconst len = this.data.name.length;\nexpect(len).to.be.greaterThan(2);\nhomePage.enterName().should(\"have.attr\", \"minlength\", 2);\nhomePage.selectRadioButton3().should(\"be.disabled\");\nhomePage.enterEmail().type(this.data.email);\nhomePage.enterPassword().type(this.data.password);\nhomePage.selectGender().select(this.data.gender);\nhomePage.selectRadioButton2().check();\nhomePage.enterDob().type(this.data.dob);\nhomePage.validateTwoWayBinding().should(\"have.value\", this.data.name);\nhomePage.clickSubmitButton().click().then(function () {\n  homePage.validateAlert().contains(\"Success! The Form has been submitted successfully!.\");\n});",
                  "err": {},
                  "uuid": "0b886b2e-15f9-4bec-a026-cf54dca4d489",
                  "parentUUID": "0cf63f4d-7b70-412b-b6db-0fffc8dee81d",
                  "isHook": false,
                  "skipped": false
                },
                {
                  "title": "should able to add multiple product in the basket",
                  "fullTitle": "Shop SignUp & Order Placement should able to add multiple product in the basket",
                  "timedOut": null,
                  "duration": 947,
                  "state": "passed",
                  "speed": "fast",
                  "pass": true,
                  "fail": false,
                  "pending": false,
                  "context": null,
                  "code": "productPage.clickShopLink().click();\nconst arr = this.mobiledata.mobilename;\narr.forEach(element => {\n  cy.selectProduct(element);\n});",
                  "err": {},
                  "uuid": "4cdd4478-83a1-4dbb-83bc-161d78520a3c",
                  "parentUUID": "0cf63f4d-7b70-412b-b6db-0fffc8dee81d",
                  "isHook": false,
                  "skipped": false
                },
                {
                  "title": "should able to remove product from the basket",
                  "fullTitle": "Shop SignUp & Order Placement should able to remove product from the basket",
                  "timedOut": null,
                  "duration": 325,
                  "state": "passed",
                  "speed": "fast",
                  "pass": true,
                  "fail": false,
                  "pending": false,
                  "context": null,
                  "code": "productPage.checkout().click();\ncy.get(\":nth-child(1) > :nth-child(5) > .btn\").click();",
                  "err": {},
                  "uuid": "c334c053-3080-4882-ad28-6c0647878759",
                  "parentUUID": "0cf63f4d-7b70-412b-b6db-0fffc8dee81d",
                  "isHook": false,
                  "skipped": false
                },
                {
                  "title": "should able to validate the total amount successfully",
                  "fullTitle": "Shop SignUp & Order Placement should able to validate the total amount successfully",
                  "timedOut": null,
                  "duration": 51,
                  "state": "passed",
                  "speed": "fast",
                  "pass": true,
                  "fail": false,
                  "pending": false,
                  "context": null,
                  "code": "var sum = 0;\nlet pp;\nproductPage.getproductFinalPrice().each(($el, index, $list) => {\n  const price = $el.text();\n  const res = price.split(\" \");\n  const productPrice = res[1].trim();\n  sum = Number(sum) + Number(productPrice);\n});\nproductPage.getTotalPrice().then(function (element) {\n  const actualTotal = element.text();\n  const res = actualTotal.split(\" \");\n  const total = res[1].trim();\n  expect(sum).to.eql(Number(total));\n});",
                  "err": {},
                  "uuid": "98c11adc-22e0-4e7a-9721-b58086504aff",
                  "parentUUID": "0cf63f4d-7b70-412b-b6db-0fffc8dee81d",
                  "isHook": false,
                  "skipped": false
                },
                {
                  "title": "should able to click on checkout button and checkout successfully",
                  "fullTitle": "Shop SignUp & Order Placement should able to click on checkout button and checkout successfully",
                  "timedOut": null,
                  "duration": 5953,
                  "state": "passed",
                  "speed": "medium",
                  "pass": true,
                  "fail": false,
                  "pending": false,
                  "context": null,
                  "code": "checkoutPage.clickProceedButton().click();\ncheckoutPage.enterCountryName().type(\"In\");\ncheckoutPage.selectCountry().each(($el, index, $list) => {\n  if ($el.text().includes(\"India\")) {\n    cy.wrap($el).click();\n  }\n});\ncheckoutPage.agreeTC().click({\n  force: true\n});\ncheckoutPage.clickSubmitButton().click();\ncheckoutPage.successMessage().contains(\"Success!\");",
                  "err": {},
                  "uuid": "d3a3e71d-f815-43c9-9526-50744360a643",
                  "parentUUID": "0cf63f4d-7b70-412b-b6db-0fffc8dee81d",
                  "isHook": false,
                  "skipped": false
                }
              ],
              "suites": [],
              "passes": [
                "0b886b2e-15f9-4bec-a026-cf54dca4d489",
                "4cdd4478-83a1-4dbb-83bc-161d78520a3c",
                "c334c053-3080-4882-ad28-6c0647878759",
                "98c11adc-22e0-4e7a-9721-b58086504aff",
                "d3a3e71d-f815-43c9-9526-50744360a643"
              ],
              "failures": [],
              "pending": [],
              "skipped": [],
              "duration": 15761,
              "root": false,
              "rootEmpty": false,
              "_timeout": 2000
            }
          ],
          "passes": [],
          "failures": [],
          "pending": [],
          "skipped": [],
          "duration": 0,
          "root": false,
          "rootEmpty": false,
          "_timeout": 2000
        }
      ],
      "passes": [],
      "failures": [],
      "pending": [],
      "skipped": [],
      "duration": 0,
      "root": true,
      "rootEmpty": true,
      "_timeout": 2000
    }
  ],
  "meta": {
    "mocha": {
      "version": "7.0.1"
    },
    "mochawesome": {
      "options": {
        "quiet": false,
        "reportFilename": "mochawesome",
        "saveHtml": true,
        "saveJson": true,
        "consoleReporter": "spec",
        "useInlineDiffs": false,
        "code": true
      },
      "version": "7.1.3"
    },
    "marge": {
      "options": null,
      "version": "6.2.0"
    }
  }
}