{
  "stats": {
    "suites": 2,
    "tests": 5,
    "passes": 5,
    "pending": 0,
    "failures": 0,
    "start": "2022-07-02T14:24:27.688Z",
    "end": "2022-07-02T14:25:04.314Z",
    "duration": 36626,
    "testsRegistered": 5,
    "passPercent": 100,
    "pendingPercent": 0,
    "other": 0,
    "hasOther": false,
    "skipped": 0,
    "hasSkipped": false
  },
  "results": [
    {
      "uuid": "74e7be6b-dac4-4278-82ca-a2e5e2fedc85",
      "title": "",
      "fullFile": "cypress/integration/1-getting-started/testframework.spec.js",
      "file": "cypress/integration/1-getting-started/testframework.spec.js",
      "beforeHooks": [],
      "afterHooks": [],
      "tests": [],
      "suites": [
        {
          "uuid": "c648fcc7-27c5-491a-97e7-df6804beb6df",
          "title": "Shop",
          "fullFile": "",
          "file": "",
          "beforeHooks": [],
          "afterHooks": [],
          "tests": [],
          "suites": [
            {
              "uuid": "b4f256dd-dde9-41ec-890d-2a69df892828",
              "title": "SignUp & Order Placement",
              "fullFile": "",
              "file": "",
              "beforeHooks": [],
              "afterHooks": [],
              "tests": [
                {
                  "title": "should able to signup successfully",
                  "fullTitle": "Shop SignUp & Order Placement should able to signup successfully",
                  "timedOut": null,
                  "duration": 21472,
                  "state": "passed",
                  "speed": "slow",
                  "pass": true,
                  "fail": false,
                  "pending": false,
                  "context": null,
                  "code": "homePage.clickHomeLink().click();\nhomePage.enterName().type(this.data.name);\nconst len = this.data.name.length;\nexpect(len).to.be.greaterThan(2);\nhomePage.enterName().should(\"have.attr\", \"minlength\", 2);\nhomePage.selectRadioButton3().should(\"be.disabled\");\nhomePage.enterEmail().type(this.data.email);\nhomePage.enterPassword().type(this.data.password);\nhomePage.selectGender().select(this.data.gender);\nhomePage.selectRadioButton2().check();\nhomePage.enterDob().type(this.data.dob);\nhomePage.validateTwoWayBinding().should(\"have.value\", this.data.name);\nhomePage.clickSubmitButton().click().then(function () {\n  homePage.validateAlert().contains(\"Success! The Form has been submitted successfully!.\");\n});",
                  "err": {},
                  "uuid": "ad4e4b00-ef0d-4a64-b5c0-389335f04b9f",
                  "parentUUID": "b4f256dd-dde9-41ec-890d-2a69df892828",
                  "isHook": false,
                  "skipped": false
                },
                {
                  "title": "should able to add multiple product in the basket",
                  "fullTitle": "Shop SignUp & Order Placement should able to add multiple product in the basket",
                  "timedOut": null,
                  "duration": 2490,
                  "state": "passed",
                  "speed": "fast",
                  "pass": true,
                  "fail": false,
                  "pending": false,
                  "context": null,
                  "code": "productPage.clickShopLink().click();\nconst arr = this.mobiledata.mobilename;\narr.forEach(element => {\n  cy.selectProduct(element);\n});",
                  "err": {},
                  "uuid": "44e6ce9e-f9bf-47d3-851d-efa0a10c7f94",
                  "parentUUID": "b4f256dd-dde9-41ec-890d-2a69df892828",
                  "isHook": false,
                  "skipped": false
                },
                {
                  "title": "should able to remove product from the basket",
                  "fullTitle": "Shop SignUp & Order Placement should able to remove product from the basket",
                  "timedOut": null,
                  "duration": 542,
                  "state": "passed",
                  "speed": "fast",
                  "pass": true,
                  "fail": false,
                  "pending": false,
                  "context": null,
                  "code": "productPage.checkout().click();\ncy.get(\":nth-child(1) > :nth-child(5) > .btn\").click();",
                  "err": {},
                  "uuid": "89cf84d9-69a8-42df-8ca6-1b7cda8f8834",
                  "parentUUID": "b4f256dd-dde9-41ec-890d-2a69df892828",
                  "isHook": false,
                  "skipped": false
                },
                {
                  "title": "should able to validate the total amount successfully",
                  "fullTitle": "Shop SignUp & Order Placement should able to validate the total amount successfully",
                  "timedOut": null,
                  "duration": 133,
                  "state": "passed",
                  "speed": "fast",
                  "pass": true,
                  "fail": false,
                  "pending": false,
                  "context": null,
                  "code": "var sum = 0;\nlet pp;\nproductPage.getproductFinalPrice().each(($el, index, $list) => {\n  const price = $el.text();\n  const res = price.split(\" \");\n  const productPrice = res[1].trim();\n  sum = Number(sum) + Number(productPrice);\n});\nproductPage.getTotalPrice().then(function (element) {\n  const actualTotal = element.text();\n  const res = actualTotal.split(\" \");\n  const total = res[1].trim();\n  expect(sum).to.eql(Number(total));\n});",
                  "err": {},
                  "uuid": "593a8bfe-d61f-43b7-b465-242f125cadd9",
                  "parentUUID": "b4f256dd-dde9-41ec-890d-2a69df892828",
                  "isHook": false,
                  "skipped": false
                },
                {
                  "title": "should able to click on checkout button and checkout successfully",
                  "fullTitle": "Shop SignUp & Order Placement should able to click on checkout button and checkout successfully",
                  "timedOut": null,
                  "duration": 6196,
                  "state": "passed",
                  "speed": "medium",
                  "pass": true,
                  "fail": false,
                  "pending": false,
                  "context": null,
                  "code": "checkoutPage.clickProceedButton().click();\ncheckoutPage.enterCountryName().type(\"In\");\ncheckoutPage.selectCountry().each(($el, index, $list) => {\n  if ($el.text().includes(\"India\")) {\n    cy.wrap($el).click();\n  }\n});\ncheckoutPage.agreeTC().click({\n  force: true\n});\ncheckoutPage.clickSubmitButton().click();\ncheckoutPage.successMessage().contains(\"Success!\");",
                  "err": {},
                  "uuid": "3387cc21-a43f-421c-996c-e3bd14d72622",
                  "parentUUID": "b4f256dd-dde9-41ec-890d-2a69df892828",
                  "isHook": false,
                  "skipped": false
                }
              ],
              "suites": [],
              "passes": [
                "ad4e4b00-ef0d-4a64-b5c0-389335f04b9f",
                "44e6ce9e-f9bf-47d3-851d-efa0a10c7f94",
                "89cf84d9-69a8-42df-8ca6-1b7cda8f8834",
                "593a8bfe-d61f-43b7-b465-242f125cadd9",
                "3387cc21-a43f-421c-996c-e3bd14d72622"
              ],
              "failures": [],
              "pending": [],
              "skipped": [],
              "duration": 30833,
              "root": false,
              "rootEmpty": false,
              "_timeout": 2000
            }
          ],
          "passes": [],
          "failures": [],
          "pending": [],
          "skipped": [],
          "duration": 0,
          "root": false,
          "rootEmpty": false,
          "_timeout": 2000
        }
      ],
      "passes": [],
      "failures": [],
      "pending": [],
      "skipped": [],
      "duration": 0,
      "root": true,
      "rootEmpty": true,
      "_timeout": 2000
    }
  ],
  "meta": {
    "mocha": {
      "version": "7.0.1"
    },
    "mochawesome": {
      "options": {
        "quiet": false,
        "reportFilename": "mochawesome",
        "saveHtml": true,
        "saveJson": true,
        "consoleReporter": "spec",
        "useInlineDiffs": false,
        "code": true
      },
      "version": "7.1.3"
    },
    "marge": {
      "options": null,
      "version": "6.2.0"
    }
  }
}