{
  "stats": {
    "suites": 2,
    "tests": 5,
    "passes": 5,
    "pending": 0,
    "failures": 0,
    "start": "2022-07-02T19:46:22.646Z",
    "end": "2022-07-02T19:46:47.643Z",
    "duration": 24997,
    "testsRegistered": 5,
    "passPercent": 100,
    "pendingPercent": 0,
    "other": 0,
    "hasOther": false,
    "skipped": 0,
    "hasSkipped": false
  },
  "results": [
    {
      "uuid": "277b7596-b59f-4a13-a5e1-5ceb4fefa1bd",
      "title": "",
      "fullFile": "cypress\\integration\\1-getting-started\\testframework.spec.js",
      "file": "cypress\\integration\\1-getting-started\\testframework.spec.js",
      "beforeHooks": [],
      "afterHooks": [],
      "tests": [],
      "suites": [
        {
          "uuid": "695e47ea-6532-4467-9929-31a257be730d",
          "title": "Shop",
          "fullFile": "",
          "file": "",
          "beforeHooks": [],
          "afterHooks": [],
          "tests": [],
          "suites": [
            {
              "uuid": "9dc9bad8-aa65-4350-86ce-93adbc785a0f",
              "title": "SignUp & Order Placement",
              "fullFile": "",
              "file": "",
              "beforeHooks": [],
              "afterHooks": [],
              "tests": [
                {
                  "title": "should able to signup successfully",
                  "fullTitle": "Shop SignUp & Order Placement should able to signup successfully",
                  "timedOut": null,
                  "duration": 11980,
                  "state": "passed",
                  "speed": "slow",
                  "pass": true,
                  "fail": false,
                  "pending": false,
                  "context": null,
                  "code": "homePage.clickHomeLink().click();\nhomePage.enterName().type(this.data.name);\nconst len = this.data.name.length;\nexpect(len).to.be.greaterThan(2);\nhomePage.enterName().should(\"have.attr\", \"minlength\", 2);\nhomePage.selectRadioButton3().should(\"be.disabled\");\nhomePage.enterEmail().type(this.data.email);\nhomePage.enterPassword().type(this.data.password);\nhomePage.selectGender().select(this.data.gender);\nhomePage.selectRadioButton2().check();\nhomePage.enterDob().type(this.data.dob);\nhomePage.validateTwoWayBinding().should(\"have.value\", this.data.name);\nhomePage.clickSubmitButton().click().then(function () {\n  homePage.validateAlert().contains(\"Success! The Form has been submitted successfully!.\");\n});",
                  "err": {},
                  "uuid": "2ce6a1bb-271b-4918-8922-03709b2384e2",
                  "parentUUID": "9dc9bad8-aa65-4350-86ce-93adbc785a0f",
                  "isHook": false,
                  "skipped": false
                },
                {
                  "title": "should able to add multiple product in the basket",
                  "fullTitle": "Shop SignUp & Order Placement should able to add multiple product in the basket",
                  "timedOut": null,
                  "duration": 1959,
                  "state": "passed",
                  "speed": "fast",
                  "pass": true,
                  "fail": false,
                  "pending": false,
                  "context": null,
                  "code": "productPage.clickShopLink().click();\nconst arr = this.mobiledata.mobilename;\narr.forEach(element => {\n  cy.selectProduct(element);\n});",
                  "err": {},
                  "uuid": "839672dd-faf2-406e-ad40-263fbf309bec",
                  "parentUUID": "9dc9bad8-aa65-4350-86ce-93adbc785a0f",
                  "isHook": false,
                  "skipped": false
                },
                {
                  "title": "should able to remove product from the basket",
                  "fullTitle": "Shop SignUp & Order Placement should able to remove product from the basket",
                  "timedOut": null,
                  "duration": 390,
                  "state": "passed",
                  "speed": "fast",
                  "pass": true,
                  "fail": false,
                  "pending": false,
                  "context": null,
                  "code": "productPage.checkout().click();\ncy.get(\":nth-child(1) > :nth-child(5) > .btn\").click();",
                  "err": {},
                  "uuid": "71e25b0e-5125-42c4-a1d8-64d6a13647ce",
                  "parentUUID": "9dc9bad8-aa65-4350-86ce-93adbc785a0f",
                  "isHook": false,
                  "skipped": false
                },
                {
                  "title": "should able to validate the total amount successfully",
                  "fullTitle": "Shop SignUp & Order Placement should able to validate the total amount successfully",
                  "timedOut": null,
                  "duration": 113,
                  "state": "passed",
                  "speed": "fast",
                  "pass": true,
                  "fail": false,
                  "pending": false,
                  "context": null,
                  "code": "var sum = 0;\nlet pp;\nproductPage.getproductFinalPrice().each(($el, index, $list) => {\n  const price = $el.text();\n  const res = price.split(\" \");\n  const productPrice = res[1].trim();\n  sum = Number(sum) + Number(productPrice);\n});\nproductPage.getTotalPrice().then(function (element) {\n  const actualTotal = element.text();\n  const res = actualTotal.split(\" \");\n  const total = res[1].trim();\n  expect(sum).to.eql(Number(total));\n});",
                  "err": {},
                  "uuid": "650860a0-e4b3-4459-ad4d-48e3e38c685e",
                  "parentUUID": "9dc9bad8-aa65-4350-86ce-93adbc785a0f",
                  "isHook": false,
                  "skipped": false
                },
                {
                  "title": "should able to click on checkout button and checkout successfully",
                  "fullTitle": "Shop SignUp & Order Placement should able to click on checkout button and checkout successfully",
                  "timedOut": null,
                  "duration": 6000,
                  "state": "passed",
                  "speed": "medium",
                  "pass": true,
                  "fail": false,
                  "pending": false,
                  "context": null,
                  "code": "checkoutPage.clickProceedButton().click();\ncheckoutPage.enterCountryName().type(\"In\");\ncheckoutPage.selectCountry().each(($el, index, $list) => {\n  if ($el.text().includes(\"India\")) {\n    cy.wrap($el).click();\n  }\n});\ncheckoutPage.agreeTC().click({\n  force: true\n});\ncheckoutPage.clickSubmitButton().click();\ncheckoutPage.successMessage().contains(\"Success!\");",
                  "err": {},
                  "uuid": "82c55ac1-df44-4935-8725-19b67cdf33dd",
                  "parentUUID": "9dc9bad8-aa65-4350-86ce-93adbc785a0f",
                  "isHook": false,
                  "skipped": false
                }
              ],
              "suites": [],
              "passes": [
                "2ce6a1bb-271b-4918-8922-03709b2384e2",
                "839672dd-faf2-406e-ad40-263fbf309bec",
                "71e25b0e-5125-42c4-a1d8-64d6a13647ce",
                "650860a0-e4b3-4459-ad4d-48e3e38c685e",
                "82c55ac1-df44-4935-8725-19b67cdf33dd"
              ],
              "failures": [],
              "pending": [],
              "skipped": [],
              "duration": 20442,
              "root": false,
              "rootEmpty": false,
              "_timeout": 2000
            }
          ],
          "passes": [],
          "failures": [],
          "pending": [],
          "skipped": [],
          "duration": 0,
          "root": false,
          "rootEmpty": false,
          "_timeout": 2000
        }
      ],
      "passes": [],
      "failures": [],
      "pending": [],
      "skipped": [],
      "duration": 0,
      "root": true,
      "rootEmpty": true,
      "_timeout": 2000
    }
  ],
  "meta": {
    "mocha": {
      "version": "7.0.1"
    },
    "mochawesome": {
      "options": {
        "quiet": false,
        "reportFilename": "mochawesome",
        "saveHtml": true,
        "saveJson": true,
        "consoleReporter": "spec",
        "useInlineDiffs": false,
        "code": true
      },
      "version": "7.1.3"
    },
    "marge": {
      "options": null,
      "version": "6.2.0"
    }
  }
}