{
  "stats": {
    "suites": 2,
    "tests": 5,
    "passes": 5,
    "pending": 0,
    "failures": 0,
    "start": "2022-07-06T09:28:54.154Z",
    "end": "2022-07-06T09:29:15.252Z",
    "duration": 21098,
    "testsRegistered": 5,
    "passPercent": 100,
    "pendingPercent": 0,
    "other": 0,
    "hasOther": false,
    "skipped": 0,
    "hasSkipped": false
  },
  "results": [
    {
      "uuid": "6c2e39dd-6b38-4ac4-85e9-22e49f1b68e8",
      "title": "",
      "fullFile": "cypress\\integration\\1-getting-started\\testframework.spec.js",
      "file": "cypress\\integration\\1-getting-started\\testframework.spec.js",
      "beforeHooks": [],
      "afterHooks": [],
      "tests": [],
      "suites": [
        {
          "uuid": "5a78c26f-3ad0-40de-9bc9-f1ff2a91b89b",
          "title": "Shop",
          "fullFile": "",
          "file": "",
          "beforeHooks": [],
          "afterHooks": [],
          "tests": [],
          "suites": [
            {
              "uuid": "c982fc06-b58e-48f6-8fda-4b9494fe56fc",
              "title": "SignUp & Order Placement",
              "fullFile": "",
              "file": "",
              "beforeHooks": [],
              "afterHooks": [],
              "tests": [
                {
                  "title": "should able to signup successfully",
                  "fullTitle": "Shop SignUp & Order Placement should able to signup successfully",
                  "timedOut": null,
                  "duration": 8814,
                  "state": "passed",
                  "speed": "medium",
                  "pass": true,
                  "fail": false,
                  "pending": false,
                  "context": null,
                  "code": "homePage.clickHomeLink().click();\nhomePage.enterName().type(this.data.name);\nvar len = this.data.name.length;\nexpect(len).to.be.greaterThan(2);\nhomePage.enterName().should(\"have.attr\", \"minlength\", 2);\nhomePage.selectRadioButton3().should(\"be.disabled\");\nhomePage.enterEmail().type(this.data.email);\nhomePage.enterPassword().type(this.data.password);\nhomePage.selectGender().select(this.data.gender);\nhomePage.selectRadioButton2().check();\nhomePage.enterDob().type(this.data.dob);\nhomePage.validateTwoWayBinding().should(\"have.value\", this.data.name);\nhomePage.clickSubmitButton().click().then(function () {\n  homePage.validateAlert().contains(\"Success! The Form has been submitted successfully!.\");\n});",
                  "err": {},
                  "uuid": "d471d0a4-7c53-498a-8e0e-e0d9cdfd2cf6",
                  "parentUUID": "c982fc06-b58e-48f6-8fda-4b9494fe56fc",
                  "isHook": false,
                  "skipped": false
                },
                {
                  "title": "should able to add multiple product in the basket",
                  "fullTitle": "Shop SignUp & Order Placement should able to add multiple product in the basket",
                  "timedOut": null,
                  "duration": 1161,
                  "state": "passed",
                  "speed": "fast",
                  "pass": true,
                  "fail": false,
                  "pending": false,
                  "context": null,
                  "code": "productPage.clickShopLink().click();\nvar arr = this.mobiledata.mobilename;\narr.forEach(function (element) {\n  cy.selectProduct(element);\n});",
                  "err": {},
                  "uuid": "acb26815-7136-4d2b-a26a-d1855487adc5",
                  "parentUUID": "c982fc06-b58e-48f6-8fda-4b9494fe56fc",
                  "isHook": false,
                  "skipped": false
                },
                {
                  "title": "should able to remove product from the basket",
                  "fullTitle": "Shop SignUp & Order Placement should able to remove product from the basket",
                  "timedOut": null,
                  "duration": 345,
                  "state": "passed",
                  "speed": "fast",
                  "pass": true,
                  "fail": false,
                  "pending": false,
                  "context": null,
                  "code": "productPage.checkout().click();\ncy.get(\":nth-child(1) > :nth-child(5) > .btn\").click();",
                  "err": {},
                  "uuid": "c1a2aa1f-221a-4f26-9c3c-d656a734dd76",
                  "parentUUID": "c982fc06-b58e-48f6-8fda-4b9494fe56fc",
                  "isHook": false,
                  "skipped": false
                },
                {
                  "title": "should able to validate the total amount successfully",
                  "fullTitle": "Shop SignUp & Order Placement should able to validate the total amount successfully",
                  "timedOut": null,
                  "duration": 79,
                  "state": "passed",
                  "speed": "fast",
                  "pass": true,
                  "fail": false,
                  "pending": false,
                  "context": null,
                  "code": "var sum = 0;\nvar pp;\nproductPage.getproductFinalPrice().each(function ($el, index, $list) {\n  var price = $el.text();\n  var res = price.split(\" \");\n  var productPrice = res[1].trim();\n  sum = Number(sum) + Number(productPrice);\n});\nproductPage.getTotalPrice().then(function (element) {\n  var actualTotal = element.text();\n  var res = actualTotal.split(\" \");\n  var total = res[1].trim();\n  expect(sum).to.eql(Number(total));\n});",
                  "err": {},
                  "uuid": "1a709fa8-c6bd-417d-a77a-0cce4d866ce2",
                  "parentUUID": "c982fc06-b58e-48f6-8fda-4b9494fe56fc",
                  "isHook": false,
                  "skipped": false
                },
                {
                  "title": "should able to click on checkout button and checkout successfully",
                  "fullTitle": "Shop SignUp & Order Placement should able to click on checkout button and checkout successfully",
                  "timedOut": null,
                  "duration": 6045,
                  "state": "passed",
                  "speed": "medium",
                  "pass": true,
                  "fail": false,
                  "pending": false,
                  "context": null,
                  "code": "checkoutPage.clickProceedButton().click();\ncheckoutPage.enterCountryName().type(\"In\");\ncheckoutPage.selectCountry().each(function ($el, index, $list) {\n  if ($el.text().includes(\"India\")) {\n    cy.wrap($el).click();\n  }\n});\ncheckoutPage.agreeTC().click({\n  force: true\n});\ncheckoutPage.clickSubmitButton().click();\ncheckoutPage.successMessage().contains(\"Success!\");",
                  "err": {},
                  "uuid": "c5ce4b71-3615-4551-9c7e-54ecd0bd45a8",
                  "parentUUID": "c982fc06-b58e-48f6-8fda-4b9494fe56fc",
                  "isHook": false,
                  "skipped": false
                }
              ],
              "suites": [],
              "passes": [
                "d471d0a4-7c53-498a-8e0e-e0d9cdfd2cf6",
                "acb26815-7136-4d2b-a26a-d1855487adc5",
                "c1a2aa1f-221a-4f26-9c3c-d656a734dd76",
                "1a709fa8-c6bd-417d-a77a-0cce4d866ce2",
                "c5ce4b71-3615-4551-9c7e-54ecd0bd45a8"
              ],
              "failures": [],
              "pending": [],
              "skipped": [],
              "duration": 16444,
              "root": false,
              "rootEmpty": false,
              "_timeout": 2000
            }
          ],
          "passes": [],
          "failures": [],
          "pending": [],
          "skipped": [],
          "duration": 0,
          "root": false,
          "rootEmpty": false,
          "_timeout": 2000
        }
      ],
      "passes": [],
      "failures": [],
      "pending": [],
      "skipped": [],
      "duration": 0,
      "root": true,
      "rootEmpty": true,
      "_timeout": 2000
    }
  ],
  "meta": {
    "mocha": {
      "version": "7.0.1"
    },
    "mochawesome": {
      "options": {
        "quiet": false,
        "reportFilename": "mochawesome",
        "saveHtml": true,
        "saveJson": true,
        "consoleReporter": "spec",
        "useInlineDiffs": false,
        "code": true
      },
      "version": "7.1.3"
    },
    "marge": {
      "options": null,
      "version": "6.2.0"
    }
  }
}